

Microchip Technology PIC18 LITE Macro Assembler V1.38 build -256452561 
                                                                                               Mon Oct 10 07:07:25 2016

Microchip Technology Omniscient Code Generator v1.38 (Free mode) build 201607010351
     1                           	processor	18F2550
     2                           	fnconf	rparam,??,?,0
     3                           	opt	pw 120
     4                           	opt	lm
     5                           	psect	idataCOMRAM,global,class=CODE,delta=1
     6                           	psect	cinit,global,reloc=2,class=CODE,delta=1
     7                           	psect	bitbssCOMRAM,global,bit,class=COMRAM,space=1,delta=1
     8                           	psect	bssCOMRAM,global,class=COMRAM,space=1,delta=1
     9                           	psect	dataCOMRAM,global,class=COMRAM,space=1,delta=1
    10                           	psect	cstackCOMRAM,global,class=COMRAM,space=1,delta=1
    11                           	psect	text0,global,reloc=2,class=CODE,delta=1
    12                           	psect	text1,global,reloc=2,class=CODE,delta=1
    13                           	psect	text2,global,reloc=2,class=CODE,delta=1
    14                           	psect	text3,global,reloc=2,class=CODE,delta=1
    15                           	psect	text4,global,reloc=2,class=CODE,delta=1
    16                           	psect	text5,global,reloc=2,class=CODE,delta=1
    17                           	psect	text6,global,reloc=2,class=CODE,delta=1
    18                           	psect	text7,global,reloc=2,class=CODE,delta=1
    19                           	psect	intcodelo,global,reloc=2,class=CODE,delta=1
    20                           	psect	intcode,global,reloc=2,class=CODE,delta=1
    21                           	psect	intcode_body,global,reloc=2,class=CODE,delta=1
    22                           	psect	intsave_regs,global,class=BIGRAM,space=1,delta=1
    23                           	psect	rparam,global,class=COMRAM,space=1,delta=1
    24                           	psect	temp,global,ovrld,common,class=COMRAM,space=1,delta=1
    25  0000                     
    26                           	psect	idataCOMRAM
    27  000268                     __pidataCOMRAM:
    28                           	opt stack 0
    29                           
    30                           ;initializer for main@cur_number
    31  000268  2F                 	db	low _temp_want
    32  000269  00                 	db	high _temp_want
    33  0000                     _TMR0	set	4054
    34  0000                     _PORTB	set	3969
    35  0000                     _TRISB	set	3987
    36  0000                     _ACQT0	set	32259
    37  0000                     _ACQT1	set	32260
    38  0000                     _ACQT2	set	32261
    39  0000                     _ADCS0	set	32256
    40  0000                     _ADCS1	set	32257
    41  0000                     _ADCS2	set	32258
    42  0000                     _ADIE	set	31982
    43  0000                     _ADIF	set	31990
    44  0000                     _ADIP	set	31998
    45  0000                     _ADON	set	32272
    46  0000                     _CHS0	set	32274
    47  0000                     _CHS1	set	32275
    48  0000                     _CHS2	set	32276
    49  0000                     _CHS3	set	32277
    50  0000                     _GIEH	set	32663
    51  0000                     _GIEL	set	32662
    52  0000                     _IPEN	set	32391
    53  0000                     _LATA3	set	31819
    54  0000                     _LATA4	set	31820
    55  0000                     _LATA5	set	31821
    56  0000                     _PCFG0	set	32264
    57  0000                     _PCFG1	set	32265
    58  0000                     _PCFG2	set	32266
    59  0000                     _PCFG3	set	32267
    60  0000                     _PSA	set	32427
    61  0000                     _T08BIT	set	32430
    62  0000                     _T0CS	set	32429
    63  0000                     _T0IE	set	32661
    64  0000                     _T0IF	set	32658
    65  0000                     _T0IP	set	32650
    66  0000                     _T0PS0	set	32424
    67  0000                     _T0PS1	set	32425
    68  0000                     _T0PS2	set	32426
    69  0000                     _T1CKPS0	set	32364
    70  0000                     _T1CKPS1	set	32365
    71  0000                     _T1RD16	set	32367
    72  0000                     _T1RUN	set	32366
    73  0000                     _TMR0IE	set	32661
    74  0000                     _TMR0IF	set	32658
    75  0000                     _TMR0ON	set	32431
    76  0000                     _TMR1CS	set	32361
    77  0000                     _TMR1IE	set	31976
    78  0000                     _TMR1IF	set	31984
    79  0000                     _TMR1IP	set	31992
    80  0000                     _TMR1ON	set	32360
    81  0000                     _TRISA0	set	31888
    82  0000                     _TRISA3	set	31891
    83  0000                     _TRISA4	set	31892
    84  0000                     _TRISA5	set	31893
    85  0000                     _nRBPU	set	32655
    86                           
    87                           ; #config settings
    88  0000                     
    89                           	psect	cinit
    90  0001A2                     __pcinit:
    91                           	opt stack 0
    92  0001A2                     start_initialization:
    93                           	opt stack 0
    94  0001A2                     __initialization:
    95                           	opt stack 0
    96                           
    97                           ; Initialize objects allocated to COMRAM (2 bytes)
    98                           ; load TBLPTR registers with __pidataCOMRAM
    99  0001A2  0E68               	movlw	low __pidataCOMRAM
   100  0001A4  6EF6               	movwf	tblptrl,c
   101  0001A6  0E02               	movlw	high __pidataCOMRAM
   102  0001A8  6EF7               	movwf	tblptrh,c
   103  0001AA  0E00               	movlw	low (__pidataCOMRAM shr (0+16))
   104  0001AC  6EF8               	movwf	tblptru,c
   105  0001AE  0009               	tblrd		*+	;fetch initializer
   106  0001B0  CFF5 F031          	movff	tablat,__pdataCOMRAM
   107  0001B4  0009               	tblrd		*+	;fetch initializer
   108  0001B6  CFF5 F032          	movff	tablat,__pdataCOMRAM+1
   109                           
   110                           ; Clear objects allocated to BITCOMRAM (1 bytes)
   111  0001BA  6A30               	clrf	(__pbitbssCOMRAM/(0+8))& (0+255),c
   112                           
   113                           ; Clear objects allocated to COMRAM (10 bytes)
   114  0001BC  EE00  F026         	lfsr	0,__pbssCOMRAM
   115  0001C0  0E0A               	movlw	10
   116  0001C2                     clear_0:
   117  0001C2  6AEE               	clrf	postinc0,c
   118  0001C4  06E8               	decf	wreg,f,c
   119  0001C6  E1FD               	bnz	clear_0
   120  0001C8                     end_of_initialization:
   121                           	opt stack 0
   122  0001C8                     __end_of__initialization:
   123                           	opt stack 0
   124  0001C8  9033               	bcf	int$flags,0,c	;clear compiler interrupt flag (level 1)
   125  0001CA  9233               	bcf	int$flags,1,c	;clear compiler interrupt flag (level 2)
   126  0001CC  0100               	movlb	0
   127  0001CE  EF55  F000         	goto	_main	;jump to C main() function
   128                           tblptru	equ	0xFF8
   129                           tblptrh	equ	0xFF7
   130                           tblptrl	equ	0xFF6
   131                           tablat	equ	0xFF5
   132                           postinc0	equ	0xFEE
   133                           wreg	equ	0xFE8
   134                           
   135                           	psect	bitbssCOMRAM
   136  000180                     __pbitbssCOMRAM:
   137                           	opt stack 0
   138  000180                     main@fan_bool:
   139                           	opt stack 0
   140  000180                     	ds	1
   141  000181                     main@high_bool:
   142                           	opt stack 0
   143  000181                     	ds	1
   144  000182                     main@low_bool:
   145                           	opt stack 0
   146  000182                     	ds	1
   147  000183                     main@power_bool:
   148                           	opt stack 0
   149  000183                     	ds	1
   150  000184                     main@timer_bool:
   151                           	opt stack 0
   152  000184                     	ds	1
   153  000185                     main@unit:
   154                           	opt stack 0
   155  000185                     	ds	1
   156                           tblptru	equ	0xFF8
   157                           tblptrh	equ	0xFF7
   158                           tblptrl	equ	0xFF6
   159                           tablat	equ	0xFF5
   160                           postinc0	equ	0xFEE
   161                           wreg	equ	0xFE8
   162                           
   163                           	psect	bssCOMRAM
   164  000026                     __pbssCOMRAM:
   165                           	opt stack 0
   166  000026                     _temp_cur:
   167                           	opt stack 0
   168  000026                     	ds	3
   169  000029                     _high_hour:
   170                           	opt stack 0
   171  000029                     	ds	1
   172  00002A                     _high_temp:
   173                           	opt stack 0
   174  00002A                     	ds	1
   175  00002B                     _hour_cur:
   176                           	opt stack 0
   177  00002B                     	ds	1
   178  00002C                     _low_hour:
   179                           	opt stack 0
   180  00002C                     	ds	1
   181  00002D                     _low_temp:
   182                           	opt stack 0
   183  00002D                     	ds	1
   184  00002E                     main@state:
   185                           	opt stack 0
   186  00002E                     	ds	1
   187  00002F                     _temp_want:
   188                           	opt stack 0
   189  00002F                     	ds	1
   190                           tblptru	equ	0xFF8
   191                           tblptrh	equ	0xFF7
   192                           tblptrl	equ	0xFF6
   193                           tablat	equ	0xFF5
   194                           postinc0	equ	0xFEE
   195                           wreg	equ	0xFE8
   196                           
   197                           	psect	dataCOMRAM
   198  000031                     __pdataCOMRAM:
   199                           	opt stack 0
   200  000031                     main@cur_number:
   201                           	opt stack 0
   202  000031                     	ds	2
   203                           tblptru	equ	0xFF8
   204                           tblptrh	equ	0xFF7
   205                           tblptrl	equ	0xFF6
   206                           tablat	equ	0xFF5
   207                           postinc0	equ	0xFEE
   208                           wreg	equ	0xFE8
   209                           
   210                           	psect	cstackCOMRAM
   211  000001                     __pcstackCOMRAM:
   212                           	opt stack 0
   213  000001                     ??_ISR_high:
   214  000001                     
   215                           ; 1 bytes @ 0x0
   216  000001                     	ds	14
   217  00000F                     ??_ISR_low:
   218                           
   219                           ; 1 bytes @ 0xE
   220  00000F                     	ds	17
   221  000020                     set_disp@digit_mask:
   222                           	opt stack 0
   223                           
   224                           ; 1 bytes @ 0x1F
   225  000020                     	ds	1
   226  000021                     main@disp_digit_mask:
   227                           	opt stack 0
   228                           
   229                           ; 1 bytes @ 0x20
   230  000021                     	ds	1
   231  000022                     _main$128:
   232                           	opt stack 0
   233                           
   234                           ; 2 bytes @ 0x21
   235  000022                     	ds	2
   236  000024                     main@mask_leds:
   237                           	opt stack 0
   238                           
   239                           ; 1 bytes @ 0x23
   240  000024                     	ds	1
   241  000025                     main@ins:
   242                           	opt stack 0
   243                           
   244                           ; 1 bytes @ 0x24
   245  000025                     	ds	1
   246                           tblptru	equ	0xFF8
   247                           tblptrh	equ	0xFF7
   248                           tblptrl	equ	0xFF6
   249                           tablat	equ	0xFF5
   250                           postinc0	equ	0xFEE
   251                           wreg	equ	0xFE8
   252                           
   253 ;;
   254 ;;Main: autosize = 0, tempsize = 0, incstack = 0, save=0
   255 ;;
   256 ;; *************** function _main *****************
   257 ;; Defined at:
   258 ;;		line 35 in file "main.c"
   259 ;; Parameters:    Size  Location     Type
   260 ;;		None
   261 ;; Auto vars:     Size  Location     Type
   262 ;;  ins             1   36[COMRAM] unsigned char 
   263 ;;  mask_leds       1   35[COMRAM] unsigned char 
   264 ;;  disp_digit_m    1   32[COMRAM] unsigned char 
   265 ;;  mode_cur        1    0        unsigned char 
   266 ;; Return value:  Size  Location     Type
   267 ;;                  1    wreg      void 
   268 ;; Registers used:
   269 ;;		wreg, fsr2l, fsr2h, status,2, status,0, cstack
   270 ;; Tracked objects:
   271 ;;		On entry : 0/0
   272 ;;		On exit  : 0/0
   273 ;;		Unchanged: 0/0
   274 ;; Data sizes:     COMRAM   BANK0   BANK1   BANK2   BANK3   BANK4   BANK5   BANK6   BANK7
   275 ;;      Params:         0       0       0       0       0       0       0       0       0
   276 ;;      Locals:         5       0       0       0       0       0       0       0       0
   277 ;;      Temps:          0       0       0       0       0       0       0       0       0
   278 ;;      Totals:         5       0       0       0       0       0       0       0       0
   279 ;;Total ram usage:        5 bytes
   280 ;; Hardware stack levels required when called:    4
   281 ;; This function calls:
   282 ;;		_sample_inputs
   283 ;;		_set_LEDs
   284 ;;		_set_disp
   285 ;;		_setup
   286 ;; This function is called by:
   287 ;;		Startup code after reset
   288 ;; This function uses a non-reentrant model
   289 ;;
   290                           
   291                           	psect	text0
   292  0000AA                     __ptext0:
   293                           	opt stack 0
   294  0000AA                     _main:
   295                           	opt stack 27
   296                           
   297                           ;main.c: 37: setup();
   298                           
   299                           ;incstack = 0
   300  0000AA  EC0C  F001         	call	_setup	;wreg free
   301  0000AE                     l153:
   302                           
   303                           ;main.c: 44: {
   304                           ;main.c: 45: ins = sample_inputs();
   305  0000AE  EC30  F001         	call	_sample_inputs	;wreg free
   306  0000B2  6E25               	movwf	main@ins,c
   307                           
   308                           ;main.c: 46: if (ins & 0b10000) state = power_bool ? OFF : IDLE;
   309  0000B4  A825               	btfss	main@ins,4,c
   310  0000B6  D006               	goto	l940
   311  0000B8  B630               	btfsc	main@power_bool/(0+8),main@power_bool& (0+7),c
   312  0000BA  D002               	goto	u150
   313  0000BC  0E01               	movlw	1
   314  0000BE  D001               	goto	u160
   315  0000C0                     u150:
   316  0000C0  0E00               	movlw	0
   317  0000C2                     u160:
   318  0000C2  6E2E               	movwf	main@state,c
   319  0000C4                     l940:
   320                           
   321                           ;main.c: 47: if (ins & 0b1) timer_bool = 1;
   322  0000C4  B025               	btfsc	main@ins,0,c
   323  0000C6  8830               	bsf	main@timer_bool/(0+8),main@timer_bool& (0+7),c
   324                           
   325                           ;main.c: 48: if (ins & 0b10) (*cur_number)++;
   326  0000C8  A225               	btfss	main@ins,1,c
   327  0000CA  D005               	goto	l946
   328  0000CC  C031  FFD9         	movff	main@cur_number,fsr2l
   329  0000D0  C032  FFDA         	movff	main@cur_number+1,fsr2h
   330  0000D4  2ADF               	incf	indf2,f,c
   331  0000D6                     l946:
   332                           
   333                           ;main.c: 49: if (ins & 0b100) (*cur_number)--;
   334  0000D6  A425               	btfss	main@ins,2,c
   335  0000D8  D005               	goto	l159
   336  0000DA  C031  FFD9         	movff	main@cur_number,fsr2l
   337  0000DE  C032  FFDA         	movff	main@cur_number+1,fsr2h
   338  0000E2  06DF               	decf	indf2,f,c
   339  0000E4                     l159:
   340                           
   341                           ;main.c: 52: mask_leds = (timer_bool * 0b1) |
   342                           ;main.c: 53: (high_bool * 0b10) |
   343                           ;main.c: 54: (low_bool * 0b100) |
   344                           ;main.c: 55: (fan_bool * 0b1000) |
   345                           ;main.c: 56: (power_bool * 0b10000) |
   346                           ;main.c: 57: (unit == 0 ? 0b100000 : 0b1000000);
   347  0000E4  AA30               	btfss	main@unit/(0+8),main@unit& (0+7),c
   348  0000E6  D004               	goto	l954
   349  0000E8  0E00               	movlw	0
   350  0000EA  6E23               	movwf	_main$128+1,c
   351  0000EC  0E40               	movlw	64
   352  0000EE  D003               	goto	L1
   353  0000F0                     l954:
   354  0000F0  0E00               	movlw	0
   355  0000F2  6E23               	movwf	_main$128+1,c
   356  0000F4  0E20               	movlw	32
   357  0000F6                     L1:
   358  0000F6  6E22               	movwf	_main$128,c
   359  0000F8  0E00               	movlw	0
   360  0000FA  B830               	btfsc	main@timer_bool/(0+8),main@timer_bool& (0+7),c
   361  0000FC  0E01               	movlw	1
   362  0000FE  B230               	btfsc	main@high_bool/(0+8),main@high_bool& (0+7),c
   363  000100  0902               	iorlw	2
   364  000102  B430               	btfsc	main@low_bool/(0+8),main@low_bool& (0+7),c
   365  000104  0904               	iorlw	4
   366  000106  B030               	btfsc	main@fan_bool/(0+8),main@fan_bool& (0+7),c
   367  000108  0908               	iorlw	8
   368  00010A  B630               	btfsc	main@power_bool/(0+8),main@power_bool& (0+7),c
   369  00010C  0910               	iorlw	16
   370  00010E  1022               	iorwf	_main$128,w,c
   371  000110  6E24               	movwf	main@mask_leds,c
   372                           
   373                           ;main.c: 58: set_LEDs(mask_leds);
   374  000112  5024               	movf	main@mask_leds,w,c
   375  000114  EC2C  F001         	call	_set_LEDs
   376                           
   377                           ;main.c: 60: set_disp(*cur_number, disp_digit_mask);
   378  000118  C021  F020         	movff	main@disp_digit_mask,set_disp@digit_mask
   379  00011C  C031  FFD9         	movff	main@cur_number,fsr2l
   380  000120  C032  FFDA         	movff	main@cur_number+1,fsr2h
   381  000124  50DF               	movf	indf2,w,c
   382  000126  EC17  F001         	call	_set_disp
   383  00012A  D7C1               	goto	l153
   384  00012C                     __end_of_main:
   385                           	opt stack 0
   386                           tblptru	equ	0xFF8
   387                           tblptrh	equ	0xFF7
   388                           tblptrl	equ	0xFF6
   389                           tablat	equ	0xFF5
   390                           postinc0	equ	0xFEE
   391                           wreg	equ	0xFE8
   392                           indf2	equ	0xFDF
   393                           fsr2h	equ	0xFDA
   394                           fsr2l	equ	0xFD9
   395                           
   396 ;; *************** function _setup *****************
   397 ;; Defined at:
   398 ;;		line 70 in file "main.c"
   399 ;; Parameters:    Size  Location     Type
   400 ;;		None
   401 ;; Auto vars:     Size  Location     Type
   402 ;;		None
   403 ;; Return value:  Size  Location     Type
   404 ;;                  1    wreg      void 
   405 ;; Registers used:
   406 ;;		wreg, status,2, cstack
   407 ;; Tracked objects:
   408 ;;		On entry : 0/0
   409 ;;		On exit  : 0/0
   410 ;;		Unchanged: 0/0
   411 ;; Data sizes:     COMRAM   BANK0   BANK1   BANK2   BANK3   BANK4   BANK5   BANK6   BANK7
   412 ;;      Params:         0       0       0       0       0       0       0       0       0
   413 ;;      Locals:         0       0       0       0       0       0       0       0       0
   414 ;;      Temps:          0       0       0       0       0       0       0       0       0
   415 ;;      Totals:         0       0       0       0       0       0       0       0       0
   416 ;;Total ram usage:        0 bytes
   417 ;; Hardware stack levels used:    1
   418 ;; Hardware stack levels required when called:    3
   419 ;; This function calls:
   420 ;;		_setup_therm
   421 ;;		_setup_timer0
   422 ;;		_setup_timer1
   423 ;; This function is called by:
   424 ;;		_main
   425 ;; This function uses a non-reentrant model
   426 ;;
   427                           
   428                           	psect	text1
   429  000218                     __ptext1:
   430                           	opt stack 0
   431  000218                     _setup:
   432                           	opt stack 27
   433                           
   434                           ;main.c: 73: setup_therm();
   435                           
   436                           ;incstack = 0
   437  000218  ECE9  F000         	call	_setup_therm	;wreg free
   438                           
   439                           ;main.c: 76: nRBPU = 0;
   440  00021C  9EF1               	bcf	intcon2,7,c	;volatile
   441                           
   442                           ;main.c: 79: IPEN = 1;
   443  00021E  8ED0               	bsf	4048,7,c	;volatile
   444                           
   445                           ;main.c: 80: GIEH = 1;
   446  000220  8EF2               	bsf	intcon,7,c	;volatile
   447                           
   448                           ;main.c: 81: GIEL = 0;
   449  000222  9CF2               	bcf	intcon,6,c	;volatile
   450                           
   451                           ;main.c: 84: setup_timer0();
   452  000224  ECFD  F000         	call	_setup_timer0	;wreg free
   453                           
   454                           ;main.c: 86: setup_timer1();
   455  000228  EC22  F001         	call	_setup_timer1	;wreg free
   456  00022C  0012               	return		;funcret
   457  00022E                     __end_of_setup:
   458                           	opt stack 0
   459                           tblptru	equ	0xFF8
   460                           tblptrh	equ	0xFF7
   461                           tblptrl	equ	0xFF6
   462                           tablat	equ	0xFF5
   463                           intcon	equ	0xFF2
   464                           intcon2	equ	0xFF1
   465                           postinc0	equ	0xFEE
   466                           wreg	equ	0xFE8
   467                           indf2	equ	0xFDF
   468                           fsr2h	equ	0xFDA
   469                           fsr2l	equ	0xFD9
   470                           
   471 ;; *************** function _setup_timer1 *****************
   472 ;; Defined at:
   473 ;;		line 134 in file "main.c"
   474 ;; Parameters:    Size  Location     Type
   475 ;;		None
   476 ;; Auto vars:     Size  Location     Type
   477 ;;		None
   478 ;; Return value:  Size  Location     Type
   479 ;;                  1    wreg      void 
   480 ;; Registers used:
   481 ;;		None
   482 ;; Tracked objects:
   483 ;;		On entry : 0/0
   484 ;;		On exit  : 0/0
   485 ;;		Unchanged: 0/0
   486 ;; Data sizes:     COMRAM   BANK0   BANK1   BANK2   BANK3   BANK4   BANK5   BANK6   BANK7
   487 ;;      Params:         0       0       0       0       0       0       0       0       0
   488 ;;      Locals:         0       0       0       0       0       0       0       0       0
   489 ;;      Temps:          0       0       0       0       0       0       0       0       0
   490 ;;      Totals:         0       0       0       0       0       0       0       0       0
   491 ;;Total ram usage:        0 bytes
   492 ;; Hardware stack levels used:    1
   493 ;; Hardware stack levels required when called:    2
   494 ;; This function calls:
   495 ;;		Nothing
   496 ;; This function is called by:
   497 ;;		_setup
   498 ;; This function uses a non-reentrant model
   499 ;;
   500                           
   501                           	psect	text2
   502  000244                     __ptext2:
   503                           	opt stack 0
   504  000244                     _setup_timer1:
   505                           	opt stack 27
   506                           
   507                           ;main.c: 137: TMR1ON = 0;
   508                           
   509                           ;incstack = 0
   510  000244  90CD               	bcf	4045,0,c	;volatile
   511                           
   512                           ;main.c: 139: T1RD16 = 1;
   513  000246  8ECD               	bsf	4045,7,c	;volatile
   514                           
   515                           ;main.c: 141: T1RUN = 0;
   516  000248  9CCD               	bcf	4045,6,c	;volatile
   517                           
   518                           ;main.c: 142: TMR1CS = 0;
   519  00024A  92CD               	bcf	4045,1,c	;volatile
   520                           
   521                           ;main.c: 144: TMR1IE = 0;
   522  00024C  909D               	bcf	3997,0,c	;volatile
   523                           
   524                           ;main.c: 145: TMR1IF = 0;
   525  00024E  909E               	bcf	3998,0,c	;volatile
   526                           
   527                           ;main.c: 146: TMR1IP = 0;
   528  000250  909F               	bcf	3999,0,c	;volatile
   529                           
   530                           ;main.c: 148: T1CKPS0 = T1CKPS1 = 1;
   531  000252  8ACD               	bsf	4045,5,c	;volatile
   532  000254  88CD               	bsf	4045,4,c	;volatile
   533  000256  0012               	return		;funcret
   534  000258                     __end_of_setup_timer1:
   535                           	opt stack 0
   536                           tblptru	equ	0xFF8
   537                           tblptrh	equ	0xFF7
   538                           tblptrl	equ	0xFF6
   539                           tablat	equ	0xFF5
   540                           intcon	equ	0xFF2
   541                           intcon2	equ	0xFF1
   542                           postinc0	equ	0xFEE
   543                           wreg	equ	0xFE8
   544                           indf2	equ	0xFDF
   545                           fsr2h	equ	0xFDA
   546                           fsr2l	equ	0xFD9
   547                           
   548 ;; *************** function _setup_timer0 *****************
   549 ;; Defined at:
   550 ;;		line 114 in file "main.c"
   551 ;; Parameters:    Size  Location     Type
   552 ;;		None
   553 ;; Auto vars:     Size  Location     Type
   554 ;;		None
   555 ;; Return value:  Size  Location     Type
   556 ;;                  1    wreg      void 
   557 ;; Registers used:
   558 ;;		wreg, status,2
   559 ;; Tracked objects:
   560 ;;		On entry : 0/0
   561 ;;		On exit  : 0/0
   562 ;;		Unchanged: 0/0
   563 ;; Data sizes:     COMRAM   BANK0   BANK1   BANK2   BANK3   BANK4   BANK5   BANK6   BANK7
   564 ;;      Params:         0       0       0       0       0       0       0       0       0
   565 ;;      Locals:         0       0       0       0       0       0       0       0       0
   566 ;;      Temps:          0       0       0       0       0       0       0       0       0
   567 ;;      Totals:         0       0       0       0       0       0       0       0       0
   568 ;;Total ram usage:        0 bytes
   569 ;; Hardware stack levels used:    1
   570 ;; Hardware stack levels required when called:    2
   571 ;; This function calls:
   572 ;;		Nothing
   573 ;; This function is called by:
   574 ;;		_setup
   575 ;; This function uses a non-reentrant model
   576 ;;
   577                           
   578                           	psect	text3
   579  0001FA                     __ptext3:
   580                           	opt stack 0
   581  0001FA                     _setup_timer0:
   582                           	opt stack 27
   583                           
   584                           ;main.c: 117: TMR0ON = 0;
   585                           
   586                           ;incstack = 0
   587  0001FA  9ED5               	bcf	4053,7,c	;volatile
   588                           
   589                           ;main.c: 119: TMR0 = 0;
   590  0001FC  0E00               	movlw	0
   591  0001FE  6ED7               	movwf	4055,c	;volatile
   592  000200  0E00               	movlw	0
   593  000202  6ED6               	movwf	4054,c	;volatile
   594                           
   595                           ;main.c: 121: T08BIT = 0;
   596  000204  9CD5               	bcf	4053,6,c	;volatile
   597                           
   598                           ;main.c: 123: T0CS = 1;
   599  000206  8AD5               	bsf	4053,5,c	;volatile
   600                           
   601                           ;main.c: 125: T0IE = 1;
   602  000208  8AF2               	bsf	intcon,5,c	;volatile
   603                           
   604                           ;main.c: 126: T0IF = 0;
   605  00020A  94F2               	bcf	intcon,2,c	;volatile
   606                           
   607                           ;main.c: 127: T0IP = 0;
   608  00020C  94F1               	bcf	intcon2,2,c	;volatile
   609                           
   610                           ;main.c: 129: PSA = 0;
   611  00020E  96D5               	bcf	4053,3,c	;volatile
   612                           
   613                           ;main.c: 131: T0PS0 = T0PS1 = T0PS2 = 1;
   614  000210  84D5               	bsf	4053,2,c	;volatile
   615  000212  82D5               	bsf	4053,1,c	;volatile
   616  000214  80D5               	bsf	4053,0,c	;volatile
   617  000216  0012               	return		;funcret
   618  000218                     __end_of_setup_timer0:
   619                           	opt stack 0
   620                           tblptru	equ	0xFF8
   621                           tblptrh	equ	0xFF7
   622                           tblptrl	equ	0xFF6
   623                           tablat	equ	0xFF5
   624                           intcon	equ	0xFF2
   625                           intcon2	equ	0xFF1
   626                           postinc0	equ	0xFEE
   627                           wreg	equ	0xFE8
   628                           indf2	equ	0xFDF
   629                           fsr2h	equ	0xFDA
   630                           fsr2l	equ	0xFD9
   631                           
   632 ;; *************** function _setup_therm *****************
   633 ;; Defined at:
   634 ;;		line 90 in file "main.c"
   635 ;; Parameters:    Size  Location     Type
   636 ;;		None
   637 ;; Auto vars:     Size  Location     Type
   638 ;;		None
   639 ;; Return value:  Size  Location     Type
   640 ;;                  1    wreg      void 
   641 ;; Registers used:
   642 ;;		None
   643 ;; Tracked objects:
   644 ;;		On entry : 0/0
   645 ;;		On exit  : 0/0
   646 ;;		Unchanged: 0/0
   647 ;; Data sizes:     COMRAM   BANK0   BANK1   BANK2   BANK3   BANK4   BANK5   BANK6   BANK7
   648 ;;      Params:         0       0       0       0       0       0       0       0       0
   649 ;;      Locals:         0       0       0       0       0       0       0       0       0
   650 ;;      Temps:          0       0       0       0       0       0       0       0       0
   651 ;;      Totals:         0       0       0       0       0       0       0       0       0
   652 ;;Total ram usage:        0 bytes
   653 ;; Hardware stack levels used:    1
   654 ;; Hardware stack levels required when called:    2
   655 ;; This function calls:
   656 ;;		Nothing
   657 ;; This function is called by:
   658 ;;		_setup
   659 ;; This function uses a non-reentrant model
   660 ;;
   661                           
   662                           	psect	text4
   663  0001D2                     __ptext4:
   664                           	opt stack 0
   665  0001D2                     _setup_therm:
   666                           	opt stack 27
   667                           
   668                           ;main.c: 94: TRISA0 = 1;
   669                           
   670                           ;incstack = 0
   671  0001D2  8092               	bsf	3986,0,c	;volatile
   672                           
   673                           ;main.c: 96: ADON = 1;
   674  0001D4  80C2               	bsf	4034,0,c	;volatile
   675                           
   676                           ;main.c: 97: ADIE = 0;
   677  0001D6  9C9D               	bcf	3997,6,c	;volatile
   678                           
   679                           ;main.c: 98: ADIP = 0;
   680  0001D8  9C9F               	bcf	3999,6,c	;volatile
   681                           
   682                           ;main.c: 99: ADIF = 0;
   683  0001DA  9C9E               	bcf	3998,6,c	;volatile
   684                           
   685                           ;main.c: 101: CHS0 = CHS1 = CHS2 = CHS3 = 0;
   686  0001DC  9AC2               	bcf	4034,5,c	;volatile
   687  0001DE  98C2               	bcf	4034,4,c	;volatile
   688  0001E0  96C2               	bcf	4034,3,c	;volatile
   689  0001E2  94C2               	bcf	4034,2,c	;volatile
   690                           
   691                           ;main.c: 103: PCFG0 = 0;
   692  0001E4  90C1               	bcf	4033,0,c	;volatile
   693                           
   694                           ;main.c: 104: PCFG1 = PCFG2 = PCFG3 = 1;
   695  0001E6  86C1               	bsf	4033,3,c	;volatile
   696  0001E8  84C1               	bsf	4033,2,c	;volatile
   697  0001EA  82C1               	bsf	4033,1,c	;volatile
   698                           
   699                           ;main.c: 106: ACQT2 = 1;
   700  0001EC  8AC0               	bsf	4032,5,c	;volatile
   701                           
   702                           ;main.c: 107: ACQT1 = ACQT0 = 0;
   703  0001EE  96C0               	bcf	4032,3,c	;volatile
   704  0001F0  98C0               	bcf	4032,4,c	;volatile
   705                           
   706                           ;main.c: 109: ADCS2 = 1;
   707  0001F2  84C0               	bsf	4032,2,c	;volatile
   708                           
   709                           ;main.c: 110: ADCS1 = 0;
   710  0001F4  92C0               	bcf	4032,1,c	;volatile
   711                           
   712                           ;main.c: 111: ADCS0 = 1;
   713  0001F6  80C0               	bsf	4032,0,c	;volatile
   714  0001F8  0012               	return		;funcret
   715  0001FA                     __end_of_setup_therm:
   716                           	opt stack 0
   717                           tblptru	equ	0xFF8
   718                           tblptrh	equ	0xFF7
   719                           tblptrl	equ	0xFF6
   720                           tablat	equ	0xFF5
   721                           intcon	equ	0xFF2
   722                           intcon2	equ	0xFF1
   723                           postinc0	equ	0xFEE
   724                           wreg	equ	0xFE8
   725                           indf2	equ	0xFDF
   726                           fsr2h	equ	0xFDA
   727                           fsr2l	equ	0xFD9
   728                           
   729 ;; *************** function _set_disp *****************
   730 ;; Defined at:
   731 ;;		line 165 in file "main.c"
   732 ;; Parameters:    Size  Location     Type
   733 ;;  num             1    wreg     unsigned char 
   734 ;;  digit_mask      1   31[COMRAM] unsigned char 
   735 ;; Auto vars:     Size  Location     Type
   736 ;;  num             1    0[COMRAM] unsigned char 
   737 ;; Return value:  Size  Location     Type
   738 ;;                  1    wreg      void 
   739 ;; Registers used:
   740 ;;		wreg
   741 ;; Tracked objects:
   742 ;;		On entry : 0/0
   743 ;;		On exit  : 0/0
   744 ;;		Unchanged: 0/0
   745 ;; Data sizes:     COMRAM   BANK0   BANK1   BANK2   BANK3   BANK4   BANK5   BANK6   BANK7
   746 ;;      Params:         1       0       0       0       0       0       0       0       0
   747 ;;      Locals:         0       0       0       0       0       0       0       0       0
   748 ;;      Temps:          0       0       0       0       0       0       0       0       0
   749 ;;      Totals:         1       0       0       0       0       0       0       0       0
   750 ;;Total ram usage:        1 bytes
   751 ;; Hardware stack levels used:    1
   752 ;; Hardware stack levels required when called:    2
   753 ;; This function calls:
   754 ;;		Nothing
   755 ;; This function is called by:
   756 ;;		_main
   757 ;; This function uses a non-reentrant model
   758 ;;
   759                           
   760                           	psect	text5
   761  00022E                     __ptext5:
   762                           	opt stack 0
   763  00022E                     _set_disp:
   764                           	opt stack 28
   765                           
   766                           ;main.c: 167: TRISB = 0xFF;
   767                           
   768                           ;incstack = 0
   769  00022E  6893               	setf	3987,c	;volatile
   770                           
   771                           ;main.c: 168: LATA3 = 1;
   772  000230  8689               	bsf	3977,3,c	;volatile
   773                           
   774                           ;main.c: 169: TRISA4 = 0;
   775  000232  9892               	bcf	3986,4,c	;volatile
   776                           
   777                           ;main.c: 170: TRISA5 = 0;
   778  000234  9A92               	bcf	3986,5,c	;volatile
   779                           
   780                           ;main.c: 171: LATA4 = digit_mask & 0b1;
   781  000236  A020               	btfss	set_disp@digit_mask,0,c
   782  000238  D002               	goto	u120
   783  00023A  8889               	bsf	3977,4,c	;volatile
   784  00023C  D001               	goto	u135
   785  00023E                     u120:
   786  00023E  9889               	bcf	3977,4,c	;volatile
   787  000240                     u135:
   788                           
   789                           ;main.c: 172: LATA5 = digit_mask & 0b10;
   790  000240  9A89               	bcf	3977,5,c	;volatile
   791  000242  0012               	return		;funcret
   792  000244                     __end_of_set_disp:
   793                           	opt stack 0
   794                           tblptru	equ	0xFF8
   795                           tblptrh	equ	0xFF7
   796                           tblptrl	equ	0xFF6
   797                           tablat	equ	0xFF5
   798                           intcon	equ	0xFF2
   799                           intcon2	equ	0xFF1
   800                           postinc0	equ	0xFEE
   801                           wreg	equ	0xFE8
   802                           indf2	equ	0xFDF
   803                           fsr2h	equ	0xFDA
   804                           fsr2l	equ	0xFD9
   805                           
   806 ;; *************** function _set_LEDs *****************
   807 ;; Defined at:
   808 ;;		line 158 in file "main.c"
   809 ;; Parameters:    Size  Location     Type
   810 ;;  mask            1    wreg     unsigned char 
   811 ;; Auto vars:     Size  Location     Type
   812 ;;  mask            1    0[COMRAM] unsigned char 
   813 ;; Return value:  Size  Location     Type
   814 ;;                  1    wreg      void 
   815 ;; Registers used:
   816 ;;		wreg
   817 ;; Tracked objects:
   818 ;;		On entry : 0/0
   819 ;;		On exit  : 0/0
   820 ;;		Unchanged: 0/0
   821 ;; Data sizes:     COMRAM   BANK0   BANK1   BANK2   BANK3   BANK4   BANK5   BANK6   BANK7
   822 ;;      Params:         0       0       0       0       0       0       0       0       0
   823 ;;      Locals:         0       0       0       0       0       0       0       0       0
   824 ;;      Temps:          0       0       0       0       0       0       0       0       0
   825 ;;      Totals:         0       0       0       0       0       0       0       0       0
   826 ;;Total ram usage:        0 bytes
   827 ;; Hardware stack levels used:    1
   828 ;; Hardware stack levels required when called:    2
   829 ;; This function calls:
   830 ;;		Nothing
   831 ;; This function is called by:
   832 ;;		_main
   833 ;; This function uses a non-reentrant model
   834 ;;
   835                           
   836                           	psect	text6
   837  000258                     __ptext6:
   838                           	opt stack 0
   839  000258                     _set_LEDs:
   840                           	opt stack 28
   841                           
   842                           ;main.c: 160: TRISB = 0xFF;
   843                           
   844                           ;incstack = 0
   845  000258  6893               	setf	3987,c	;volatile
   846                           
   847                           ;main.c: 161: TRISA3 = 0;
   848  00025A  9692               	bcf	3986,3,c	;volatile
   849                           
   850                           ;main.c: 162: LATA3 = 0;
   851  00025C  9689               	bcf	3977,3,c	;volatile
   852  00025E  0012               	return		;funcret
   853  000260                     __end_of_set_LEDs:
   854                           	opt stack 0
   855                           tblptru	equ	0xFF8
   856                           tblptrh	equ	0xFF7
   857                           tblptrl	equ	0xFF6
   858                           tablat	equ	0xFF5
   859                           intcon	equ	0xFF2
   860                           intcon2	equ	0xFF1
   861                           postinc0	equ	0xFEE
   862                           wreg	equ	0xFE8
   863                           indf2	equ	0xFDF
   864                           fsr2h	equ	0xFDA
   865                           fsr2l	equ	0xFD9
   866                           
   867 ;; *************** function _sample_inputs *****************
   868 ;; Defined at:
   869 ;;		line 151 in file "main.c"
   870 ;; Parameters:    Size  Location     Type
   871 ;;		None
   872 ;; Auto vars:     Size  Location     Type
   873 ;;		None
   874 ;; Return value:  Size  Location     Type
   875 ;;                  1    wreg      unsigned char 
   876 ;; Registers used:
   877 ;;		wreg, status,2
   878 ;; Tracked objects:
   879 ;;		On entry : 0/0
   880 ;;		On exit  : 0/0
   881 ;;		Unchanged: 0/0
   882 ;; Data sizes:     COMRAM   BANK0   BANK1   BANK2   BANK3   BANK4   BANK5   BANK6   BANK7
   883 ;;      Params:         0       0       0       0       0       0       0       0       0
   884 ;;      Locals:         0       0       0       0       0       0       0       0       0
   885 ;;      Temps:          0       0       0       0       0       0       0       0       0
   886 ;;      Totals:         0       0       0       0       0       0       0       0       0
   887 ;;Total ram usage:        0 bytes
   888 ;; Hardware stack levels used:    1
   889 ;; Hardware stack levels required when called:    2
   890 ;; This function calls:
   891 ;;		Nothing
   892 ;; This function is called by:
   893 ;;		_main
   894 ;; This function uses a non-reentrant model
   895 ;;
   896                           
   897                           	psect	text7
   898  000260                     __ptext7:
   899                           	opt stack 0
   900  000260                     _sample_inputs:
   901                           	opt stack 28
   902                           
   903                           ;main.c: 153: LATA3 = 1;
   904                           
   905                           ;incstack = 0
   906  000260  8689               	bsf	3977,3,c	;volatile
   907                           
   908                           ;main.c: 154: TRISB = 0xFF;
   909  000262  6893               	setf	3987,c	;volatile
   910                           
   911                           ;main.c: 155: return PORTB;
   912  000264  5081               	movf	3969,w,c	;volatile
   913  000266  0012               	return	
   914  000268                     __end_of_sample_inputs:
   915                           	opt stack 0
   916                           tblptru	equ	0xFF8
   917                           tblptrh	equ	0xFF7
   918                           tblptrl	equ	0xFF6
   919                           tablat	equ	0xFF5
   920                           intcon	equ	0xFF2
   921                           intcon2	equ	0xFF1
   922                           postinc0	equ	0xFEE
   923                           wreg	equ	0xFE8
   924                           indf2	equ	0xFDF
   925                           fsr2h	equ	0xFDA
   926                           fsr2l	equ	0xFD9
   927                           
   928 ;; *************** function _ISR_low *****************
   929 ;; Defined at:
   930 ;;		line 185 in file "main.c"
   931 ;; Parameters:    Size  Location     Type
   932 ;;		None
   933 ;; Auto vars:     Size  Location     Type
   934 ;;		None
   935 ;; Return value:  Size  Location     Type
   936 ;;                  1    wreg      void 
   937 ;; Registers used:
   938 ;;		None
   939 ;; Tracked objects:
   940 ;;		On entry : 0/0
   941 ;;		On exit  : 0/0
   942 ;;		Unchanged: 0/0
   943 ;; Data sizes:     COMRAM   BANK0   BANK1   BANK2   BANK3   BANK4   BANK5   BANK6   BANK7
   944 ;;      Params:         0       0       0       0       0       0       0       0       0
   945 ;;      Locals:         0       0       0       0       0       0       0       0       0
   946 ;;      Temps:         17       0       0       0       0       0       0       0       0
   947 ;;      Totals:        17       0       0       0       0       0       0       0       0
   948 ;;Total ram usage:       17 bytes
   949 ;; Hardware stack levels used:    1
   950 ;; Hardware stack levels required when called:    1
   951 ;; This function calls:
   952 ;;		Nothing
   953 ;; This function is called by:
   954 ;;		Interrupt level 1
   955 ;; This function uses a non-reentrant model
   956 ;;
   957                           
   958                           	psect	intcodelo
   959  000018                     __pintcodelo:
   960                           	opt stack 0
   961  000018                     _ISR_low:
   962                           	opt stack 27
   963                           
   964                           ;incstack = 0
   965  000018  8033               	bsf	btemp,0,c	;set compiler interrupt flag (level 1)
   966  00001A  CFD8 F00F          	movff	status,??_ISR_low
   967  00001E  CFE8 F010          	movff	wreg,??_ISR_low+1
   968  000022  CFE0 F011          	movff	bsr,??_ISR_low+2
   969  000026  CFFA F012          	movff	pclath,??_ISR_low+3
   970  00002A  CFFB F013          	movff	pclatu,??_ISR_low+4
   971  00002E  CFE9 F014          	movff	fsr0l,??_ISR_low+5
   972  000032  CFEA F015          	movff	fsr0h,??_ISR_low+6
   973  000036  CFE1 F016          	movff	fsr1l,??_ISR_low+7
   974  00003A  CFE2 F017          	movff	fsr1h,??_ISR_low+8
   975  00003E  CFD9 F018          	movff	fsr2l,??_ISR_low+9
   976  000042  CFDA F019          	movff	fsr2h,??_ISR_low+10
   977  000046  CFF3 F01A          	movff	prodl,??_ISR_low+11
   978  00004A  CFF4 F01B          	movff	prodh,??_ISR_low+12
   979  00004E  CFF6 F01C          	movff	tblptrl,??_ISR_low+13
   980  000052  CFF7 F01D          	movff	tblptrh,??_ISR_low+14
   981  000056  CFF8 F01E          	movff	tblptru,??_ISR_low+15
   982  00005A  CFF5 F01F          	movff	tablat,??_ISR_low+16
   983  00005E  C01F  FFF5         	movff	??_ISR_low+16,tablat
   984  000062  C01E  FFF8         	movff	??_ISR_low+15,tblptru
   985  000066  C01D  FFF7         	movff	??_ISR_low+14,tblptrh
   986  00006A  C01C  FFF6         	movff	??_ISR_low+13,tblptrl
   987  00006E  C01B  FFF4         	movff	??_ISR_low+12,prodh
   988  000072  C01A  FFF3         	movff	??_ISR_low+11,prodl
   989  000076  C019  FFDA         	movff	??_ISR_low+10,fsr2h
   990  00007A  C018  FFD9         	movff	??_ISR_low+9,fsr2l
   991  00007E  C017  FFE2         	movff	??_ISR_low+8,fsr1h
   992  000082  C016  FFE1         	movff	??_ISR_low+7,fsr1l
   993  000086  C015  FFEA         	movff	??_ISR_low+6,fsr0h
   994  00008A  C014  FFE9         	movff	??_ISR_low+5,fsr0l
   995  00008E  C013  FFFB         	movff	??_ISR_low+4,pclatu
   996  000092  C012  FFFA         	movff	??_ISR_low+3,pclath
   997  000096  C011  FFE0         	movff	??_ISR_low+2,bsr
   998  00009A  C010  FFE8         	movff	??_ISR_low+1,wreg
   999  00009E  C00F  FFD8         	movff	??_ISR_low,status
  1000  0000A2  9033               	bcf	btemp,0,c	;clear compiler interrupt flag (level 1)
  1001  0000A4  0010               	retfie	
  1002  0000A6                     __end_of_ISR_low:
  1003                           	opt stack 0
  1004                           pclatu	equ	0xFFB
  1005                           pclath	equ	0xFFA
  1006                           tblptru	equ	0xFF8
  1007                           tblptrh	equ	0xFF7
  1008                           tblptrl	equ	0xFF6
  1009                           tablat	equ	0xFF5
  1010                           prodh	equ	0xFF4
  1011                           prodl	equ	0xFF3
  1012                           intcon	equ	0xFF2
  1013                           intcon2	equ	0xFF1
  1014                           postinc0	equ	0xFEE
  1015                           fsr0h	equ	0xFEA
  1016                           fsr0l	equ	0xFE9
  1017                           wreg	equ	0xFE8
  1018                           fsr1h	equ	0xFE2
  1019                           fsr1l	equ	0xFE1
  1020                           bsr	equ	0xFE0
  1021                           indf2	equ	0xFDF
  1022                           fsr2h	equ	0xFDA
  1023                           fsr2l	equ	0xFD9
  1024                           status	equ	0xFD8
  1025                           
  1026 ;; *************** function _ISR_high *****************
  1027 ;; Defined at:
  1028 ;;		line 176 in file "main.c"
  1029 ;; Parameters:    Size  Location     Type
  1030 ;;		None
  1031 ;; Auto vars:     Size  Location     Type
  1032 ;;		None
  1033 ;; Return value:  Size  Location     Type
  1034 ;;                  1    wreg      void 
  1035 ;; Registers used:
  1036 ;;		None
  1037 ;; Tracked objects:
  1038 ;;		On entry : 0/0
  1039 ;;		On exit  : 0/0
  1040 ;;		Unchanged: 0/0
  1041 ;; Data sizes:     COMRAM   BANK0   BANK1   BANK2   BANK3   BANK4   BANK5   BANK6   BANK7
  1042 ;;      Params:         0       0       0       0       0       0       0       0       0
  1043 ;;      Locals:         0       0       0       0       0       0       0       0       0
  1044 ;;      Temps:         14       0       0       0       0       0       0       0       0
  1045 ;;      Totals:        14       0       0       0       0       0       0       0       0
  1046 ;;Total ram usage:       14 bytes
  1047 ;; Hardware stack levels used:    1
  1048 ;; This function calls:
  1049 ;;		Nothing
  1050 ;; This function is called by:
  1051 ;;		Interrupt level 2
  1052 ;; This function uses a non-reentrant model
  1053 ;;
  1054                           
  1055                           	psect	intcode
  1056  000008                     __pintcode:
  1057                           	opt stack 0
  1058  000008                     _ISR_high:
  1059                           	opt stack 27
  1060                           
  1061                           ;incstack = 0
  1062  000008  8233               	bsf	btemp,1,c	;set compiler interrupt flag (level 2)
  1063  00000A  CFFA F001          	movff	pclath,??_ISR_high
  1064  00000E  CFFB F002          	movff	pclatu,??_ISR_high+1
  1065  000012  ED96  F000         	call	int_func,f	;refresh shadow registers
  1066                           pclatu	equ	0xFFB
  1067                           pclath	equ	0xFFA
  1068                           tblptru	equ	0xFF8
  1069                           tblptrh	equ	0xFF7
  1070                           tblptrl	equ	0xFF6
  1071                           tablat	equ	0xFF5
  1072                           prodh	equ	0xFF4
  1073                           prodl	equ	0xFF3
  1074                           intcon	equ	0xFF2
  1075                           intcon2	equ	0xFF1
  1076                           postinc0	equ	0xFEE
  1077                           fsr0h	equ	0xFEA
  1078                           fsr0l	equ	0xFE9
  1079                           wreg	equ	0xFE8
  1080                           fsr1h	equ	0xFE2
  1081                           fsr1l	equ	0xFE1
  1082                           bsr	equ	0xFE0
  1083                           indf2	equ	0xFDF
  1084                           fsr2h	equ	0xFDA
  1085                           fsr2l	equ	0xFD9
  1086                           status	equ	0xFD8
  1087                           
  1088                           	psect	intcode_body
  1089  00012C                     __pintcode_body:
  1090                           	opt stack 27
  1091  00012C                     int_func:
  1092                           	opt stack 27
  1093  00012C  0006               	pop		; remove dummy address from shadow register refresh
  1094  00012E  CFE9 F003          	movff	fsr0l,??_ISR_high+2
  1095  000132  CFEA F004          	movff	fsr0h,??_ISR_high+3
  1096  000136  CFE1 F005          	movff	fsr1l,??_ISR_high+4
  1097  00013A  CFE2 F006          	movff	fsr1h,??_ISR_high+5
  1098  00013E  CFD9 F007          	movff	fsr2l,??_ISR_high+6
  1099  000142  CFDA F008          	movff	fsr2h,??_ISR_high+7
  1100  000146  CFF3 F009          	movff	prodl,??_ISR_high+8
  1101  00014A  CFF4 F00A          	movff	prodh,??_ISR_high+9
  1102  00014E  CFF6 F00B          	movff	tblptrl,??_ISR_high+10
  1103  000152  CFF7 F00C          	movff	tblptrh,??_ISR_high+11
  1104  000156  CFF8 F00D          	movff	tblptru,??_ISR_high+12
  1105  00015A  CFF5 F00E          	movff	tablat,??_ISR_high+13
  1106                           
  1107                           ;main.c: 178: if (TMR0IE && TMR0IF)
  1108  00015E  BAF2               	btfsc	intcon,5,c	;volatile
  1109  000160  A4F2               	btfss	intcon,2,c	;volatile
  1110  000162  D001               	goto	i2l191
  1111                           
  1112                           ;main.c: 179: {
  1113                           ;main.c: 180: TMR0IF = 0;
  1114  000164  94F2               	bcf	intcon,2,c	;volatile
  1115  000166                     i2l191:
  1116  000166  C00E  FFF5         	movff	??_ISR_high+13,tablat
  1117  00016A  C00D  FFF8         	movff	??_ISR_high+12,tblptru
  1118  00016E  C00C  FFF7         	movff	??_ISR_high+11,tblptrh
  1119  000172  C00B  FFF6         	movff	??_ISR_high+10,tblptrl
  1120  000176  C00A  FFF4         	movff	??_ISR_high+9,prodh
  1121  00017A  C009  FFF3         	movff	??_ISR_high+8,prodl
  1122  00017E  C008  FFDA         	movff	??_ISR_high+7,fsr2h
  1123  000182  C007  FFD9         	movff	??_ISR_high+6,fsr2l
  1124  000186  C006  FFE2         	movff	??_ISR_high+5,fsr1h
  1125  00018A  C005  FFE1         	movff	??_ISR_high+4,fsr1l
  1126  00018E  C004  FFEA         	movff	??_ISR_high+3,fsr0h
  1127  000192  C003  FFE9         	movff	??_ISR_high+2,fsr0l
  1128  000196  C002  FFFB         	movff	??_ISR_high+1,pclatu
  1129  00019A  C001  FFFA         	movff	??_ISR_high,pclath
  1130  00019E  9233               	bcf	btemp,1,c	;clear compiler interrupt flag (level 2)
  1131  0001A0  0011               	retfie		f
  1132  0001A2                     __end_of_ISR_high:
  1133                           	opt stack 0
  1134  0000                     pclatu	equ	0xFFB
  1135                           pclath	equ	0xFFA
  1136                           tblptru	equ	0xFF8
  1137                           tblptrh	equ	0xFF7
  1138                           tblptrl	equ	0xFF6
  1139                           tablat	equ	0xFF5
  1140                           prodh	equ	0xFF4
  1141                           prodl	equ	0xFF3
  1142                           intcon	equ	0xFF2
  1143                           intcon2	equ	0xFF1
  1144                           postinc0	equ	0xFEE
  1145                           fsr0h	equ	0xFEA
  1146                           fsr0l	equ	0xFE9
  1147                           wreg	equ	0xFE8
  1148                           fsr1h	equ	0xFE2
  1149                           fsr1l	equ	0xFE1
  1150                           bsr	equ	0xFE0
  1151                           indf2	equ	0xFDF
  1152                           fsr2h	equ	0xFDA
  1153                           fsr2l	equ	0xFD9
  1154                           status	equ	0xFD8
  1155                           pclatu	equ	0xFFB
  1156                           pclath	equ	0xFFA
  1157                           tblptru	equ	0xFF8
  1158                           tblptrh	equ	0xFF7
  1159                           tblptrl	equ	0xFF6
  1160                           tablat	equ	0xFF5
  1161                           prodh	equ	0xFF4
  1162                           prodl	equ	0xFF3
  1163                           intcon	equ	0xFF2
  1164                           intcon2	equ	0xFF1
  1165                           postinc0	equ	0xFEE
  1166                           fsr0h	equ	0xFEA
  1167                           fsr0l	equ	0xFE9
  1168                           wreg	equ	0xFE8
  1169                           fsr1h	equ	0xFE2
  1170                           fsr1l	equ	0xFE1
  1171                           bsr	equ	0xFE0
  1172                           indf2	equ	0xFDF
  1173                           fsr2h	equ	0xFDA
  1174                           fsr2l	equ	0xFD9
  1175                           status	equ	0xFD8
  1176                           
  1177                           	psect	rparam
  1178  0000                     pclatu	equ	0xFFB
  1179                           pclath	equ	0xFFA
  1180                           tblptru	equ	0xFF8
  1181                           tblptrh	equ	0xFF7
  1182                           tblptrl	equ	0xFF6
  1183                           tablat	equ	0xFF5
  1184                           prodh	equ	0xFF4
  1185                           prodl	equ	0xFF3
  1186                           intcon	equ	0xFF2
  1187                           intcon2	equ	0xFF1
  1188                           postinc0	equ	0xFEE
  1189                           fsr0h	equ	0xFEA
  1190                           fsr0l	equ	0xFE9
  1191                           wreg	equ	0xFE8
  1192                           fsr1h	equ	0xFE2
  1193                           fsr1l	equ	0xFE1
  1194                           bsr	equ	0xFE0
  1195                           indf2	equ	0xFDF
  1196                           fsr2h	equ	0xFDA
  1197                           fsr2l	equ	0xFD9
  1198                           status	equ	0xFD8
  1199                           
  1200                           	psect	temp
  1201  000033                     btemp:
  1202                           	opt stack 0
  1203  000033                     	ds	1
  1204  0000                     int$flags	set	btemp
  1205                           pclatu	equ	0xFFB
  1206                           pclath	equ	0xFFA
  1207                           tblptru	equ	0xFF8
  1208                           tblptrh	equ	0xFF7
  1209                           tblptrl	equ	0xFF6
  1210                           tablat	equ	0xFF5
  1211                           prodh	equ	0xFF4
  1212                           prodl	equ	0xFF3
  1213                           intcon	equ	0xFF2
  1214                           intcon2	equ	0xFF1
  1215                           postinc0	equ	0xFEE
  1216                           fsr0h	equ	0xFEA
  1217                           fsr0l	equ	0xFE9
  1218                           wreg	equ	0xFE8
  1219                           fsr1h	equ	0xFE2
  1220                           fsr1l	equ	0xFE1
  1221                           bsr	equ	0xFE0
  1222                           indf2	equ	0xFDF
  1223                           fsr2h	equ	0xFDA
  1224                           fsr2l	equ	0xFD9
  1225                           status	equ	0xFD8


Data Sizes:
    Strings     0
    Constant    0
    Data        2
    BSS         10
    Persistent  0
    Stack       0

Auto Spaces:
    Space          Size  Autos    Used
    COMRAM           94     37      50
    BANK0           160      0       0
    BANK1           256      0       0
    BANK2           256      0       0
    BANK3           256      0       0
    BANK4           256      0       0
    BANK5           256      0       0
    BANK6           256      0       0
    BANK7           256      0       0

Pointer List with Targets:

    main@cur_number	PTR unsigned char  size(2) Largest target is 1
		 -> temp_want(COMRAM[1]), 


Critical Paths under _main in COMRAM

    _main->_set_disp

Critical Paths under _ISR_low in COMRAM

    None.

Critical Paths under _ISR_high in COMRAM

    None.

Critical Paths under _main in BANK0

    None.

Critical Paths under _ISR_low in BANK0

    None.

Critical Paths under _ISR_high in BANK0

    None.

Critical Paths under _main in BANK1

    None.

Critical Paths under _ISR_low in BANK1

    None.

Critical Paths under _ISR_high in BANK1

    None.

Critical Paths under _main in BANK2

    None.

Critical Paths under _ISR_low in BANK2

    None.

Critical Paths under _ISR_high in BANK2

    None.

Critical Paths under _main in BANK3

    None.

Critical Paths under _ISR_low in BANK3

    None.

Critical Paths under _ISR_high in BANK3

    None.

Critical Paths under _main in BANK4

    None.

Critical Paths under _ISR_low in BANK4

    None.

Critical Paths under _ISR_high in BANK4

    None.

Critical Paths under _main in BANK5

    None.

Critical Paths under _ISR_low in BANK5

    None.

Critical Paths under _ISR_high in BANK5

    None.

Critical Paths under _main in BANK6

    None.

Critical Paths under _ISR_low in BANK6

    None.

Critical Paths under _ISR_high in BANK6

    None.

Critical Paths under _main in BANK7

    None.

Critical Paths under _ISR_low in BANK7

    None.

Critical Paths under _ISR_high in BANK7

    None.

Call Graph Tables:

 ---------------------------------------------------------------------------------
 (Depth) Function   	        Calls       Base Space   Used Autos Params    Refs
 ---------------------------------------------------------------------------------
 (0) _main                                                 6     6      0     288
                                             32 COMRAM     5     5      0
                      _sample_inputs
                           _set_LEDs
                           _set_disp
                              _setup
 ---------------------------------------------------------------------------------
 (1) _setup                                                0     0      0       0
                        _setup_therm
                       _setup_timer0
                       _setup_timer1
 ---------------------------------------------------------------------------------
 (2) _setup_timer1                                         0     0      0       0
 ---------------------------------------------------------------------------------
 (2) _setup_timer0                                         0     0      0       0
 ---------------------------------------------------------------------------------
 (2) _setup_therm                                          0     0      0       0
 ---------------------------------------------------------------------------------
 (1) _set_disp                                             2     1      1      86
                                             31 COMRAM     1     0      1
 ---------------------------------------------------------------------------------
 (1) _set_LEDs                                             1     1      0       0
 ---------------------------------------------------------------------------------
 (1) _sample_inputs                                        0     0      0       0
 ---------------------------------------------------------------------------------
 Estimated maximum stack depth 2
 ---------------------------------------------------------------------------------
 (Depth) Function   	        Calls       Base Space   Used Autos Params    Refs
 ---------------------------------------------------------------------------------
 (3) _ISR_low                                             17    17      0       0
                                             14 COMRAM    17    17      0
 ---------------------------------------------------------------------------------
 Estimated maximum stack depth 3
 ---------------------------------------------------------------------------------
 (Depth) Function   	        Calls       Base Space   Used Autos Params    Refs
 ---------------------------------------------------------------------------------
 (4) _ISR_high                                            14    14      0       0
                                              0 COMRAM    14    14      0
 ---------------------------------------------------------------------------------
 Estimated maximum stack depth 4
 ---------------------------------------------------------------------------------

 Call Graph Graphs:

 _main (ROOT)
   _sample_inputs
   _set_LEDs
   _set_disp
   _setup
     _setup_therm
     _setup_timer0
     _setup_timer1

 _ISR_low (ROOT)

 _ISR_high (ROOT)

 Address spaces:
Name               Size   Autos  Total    Cost      Usage
BIGRAM             7FF      0       0      21        0.0%
EEDATA             100      0       0       0        0.0%
BITBANK7           100      0       0      18        0.0%
BANK7              100      0       0      19        0.0%
BITBANK6           100      0       0      16        0.0%
BANK6              100      0       0      17        0.0%
BITBANK5           100      0       0      14        0.0%
BANK5              100      0       0      15        0.0%
BITBANK4           100      0       0      12        0.0%
BANK4              100      0       0      13        0.0%
BITBANK3           100      0       0      10        0.0%
BANK3              100      0       0      11        0.0%
BITBANK2           100      0       0       8        0.0%
BANK2              100      0       0       9        0.0%
BITBANK1           100      0       0       6        0.0%
BANK1              100      0       0       7        0.0%
BITBANK0            A0      0       0       4        0.0%
BANK0               A0      0       0       5        0.0%
BITCOMRAM           5E      0       1       0        1.1%
COMRAM              5E     25      32       1       53.2%
BITSFR               0      0       0      40        0.0%
SFR                  0      0       0      40        0.0%
STACK                0      0       0       2        0.0%
NULL                 0      0       0       0        0.0%
ABS                  0      0      32      20        0.0%
DATA                 0      0      32       3        0.0%
CODE                 0      0       0       0        0.0%


Microchip Technology PIC18 Macro Assembler V1.38 build -256452561 
Symbol Table                                                                                   Mon Oct 10 07:07:25 2016

                     bsr 000FE0       set_disp@digit_mask 0020                      l153 00AE  
                    l159 00E4                      l940 00C4                      l954 00F0  
                    l946 00D6                      u120 023E                      u150 00C0  
                    u135 0240                      u160 00C2                      _PSA 007EAB  
                    wreg 000FE8             __CFG_WDT$OFF 000000                     _ADIE 007CEE  
                   _ADIF 007CF6                     _ADIP 007CFE                     _ADON 007E10  
                   _CHS0 007E12                     _CHS1 007E13                     _CHS2 007E14  
                   _CHS3 007E15                     _GIEH 007F97                     _GIEL 007F96  
                   _T0IE 007F95                     _T0IF 007F92                     _T0CS 007EAD  
                   _T0IP 007F8A            __CFG_DEBUG$ON 000000                     _IPEN 007E87  
                   _TMR0 000FD6          __end_of_ISR_low 00A6                     _main 00AA  
                   fsr0h 000FEA                     fsr1h 000FE2                     fsr0l 000FE9  
                   fsr2h 000FDA                     fsr1l 000FE1                     indf2 000FDF  
                   fsr2l 000FD9                     btemp 0033                     pclat 000FFA  
                   prodh 000FF4                     prodl 000FF3                     start 00A6  
          __CFG_MCLRE$ON 000000             ___param_bank 000010             main@fan_bool 0180  
                  _ADCS0 007E00                    _ADCS1 007E01                    _ADCS2 007E02  
                  ?_main 0001                    _ACQT0 007E03                    _ACQT1 007E04  
                  _ACQT2 007E05                    _LATA3 007C4B                    _LATA4 007C4C  
                  _LATA5 007C4D                    _T0PS0 007EA8                    _T0PS1 007EA9  
                  _T0PS2 007EAA                    _PCFG0 007E08                    _PCFG1 007E09  
                  _PCFG2 007E0A                    _PCFG3 007E0B                    _T1RUN 007E6E  
                  i2l191 0166                    _PORTB 000F81                    _TRISB 000F93  
          __CFG_PWRT$OFF 000000                    _nRBPU 007F8F         __end_of_ISR_high 01A2  
           main@low_bool 0182                    _setup 0218           __pbitbssCOMRAM 0180  
                  tablat 000FF5                    status 000FD8          __initialization 01A2  
           __end_of_main 012C    __end_of_sample_inputs 0268                   ??_main 0021  
          __activetblptr 000000            main@high_bool 0181                ??_ISR_low 000F  
                 _T08BIT 007EAE                   ?_setup 0001                   _T1RD16 007E6F  
                 _TMR0IE 007F95                   _TMR0IF 007F92                   _TMR1IE 007CE8  
                 _TMR1IF 007CF0                   _TMR1CS 007E69                   _TMR1IP 007CF8  
                 _TMR0ON 007EAF                   _TMR1ON 007E68            main@mask_leds 0024  
                 _TRISA0 007C90                   _TRISA3 007C93                   _TRISA4 007C94  
                 _TRISA5 007C95                   clear_0 01C2         __end_of_set_LEDs 0260  
       __end_of_set_disp 0244             __pdataCOMRAM 0031                   tblptrh 000FF7  
                 tblptrl 000FF6                   tblptru 000FF8             ?_setup_therm 0001  
             __accesstop 0060  __end_of__initialization 01C8          __CFG_PBADEN$OFF 000000  
          ___rparam_used 000001           __pcstackCOMRAM 0001                ?_ISR_high 0001  
          __end_of_setup 022E                  ??_setup 0020               ??_ISR_high 0001  
                _T1CKPS0 007E6C                  _T1CKPS1 007E6D           main@cur_number 0031  
                _ISR_low 0018                ?_set_LEDs 0001                  __Hparam 0000  
                __Lparam 0000                ?_set_disp 0020                  __pcinit 01A2  
                __ramtop 0800                  __ptext0 00AA                  __ptext1 0218  
                __ptext2 0244                  __ptext3 01FA                  __ptext4 01D2  
                __ptext5 022E                  __ptext6 0258                  __ptext7 0260  
            set_disp@num 0001                  main@ins 0025           __pintcode_body 012C  
   end_of_initialization 01C8           main@timer_bool 0184                  int_func 012C  
   __size_of_setup_therm 0028               ??_set_LEDs 0020           main@power_bool 0183  
             ??_set_disp 0021                  postinc0 000FEE            ?_setup_timer0 0001  
          ?_setup_timer1 0001   __size_of_sample_inputs 0008            __pidataCOMRAM 0268  
      __size_of_ISR_high 019A           ??_setup_timer0 0020           ??_setup_timer1 0020  
    start_initialization 01A2      main@disp_digit_mask 0021         __CFG_LPT1OSC$OFF 000000  
          _sample_inputs 0260             set_LEDs@mask 0001              __pbssCOMRAM 0026  
               ?_ISR_low 0001        __size_of_set_LEDs 0008                __pintcode 0008  
      __size_of_set_disp 0016           ?_sample_inputs 0001              __pintcodelo 0018  
              _high_hour 0029                _high_temp 002A           __size_of_setup 0016  
   __end_of_setup_timer0 0218     __end_of_setup_timer1 0258                _temp_want 002F  
               _ISR_high 0008                main@state 002E         __size_of_ISR_low 008E  
          ??_setup_therm 0020                 __Hrparam 0000                 __Lrparam 0000  
        ??_sample_inputs 0020    __CFG_FOSC$INTOSCIO_EC 000000                 _main$128 0022  
          __size_of_main 0082                 _hour_cur 002B                 _set_LEDs 0258  
               _low_hour 002C                 _low_temp 002D      __end_of_setup_therm 01FA  
               _set_disp 022E                 _temp_cur 0026                 int$flags 0033  
               main@unit 0185                 intlevel1 0000                 intlevel2 0000  
  __size_of_setup_timer0 001E    __size_of_setup_timer1 0014             _setup_timer0 01FA  
           _setup_timer1 0244              _setup_therm 01D2  
